<?xml version="1.0" encoding="utf-8"?><testsuites name="pytest tests"><testsuite name="pytest" errors="0" failures="0" skipped="0" tests="7" time="1.416" timestamp="2026-04-25T08:46:50.112002+00:00" hostname="agent-env-47e3026a-4251-484d-be82-bfb51657b25b"><testcase classname="backend.tests.backend_test" name="test_root" time="0.283" /><testcase classname="backend.tests.backend_test" name="test_list_subjects_no_id_leak" time="0.097" /><testcase classname="backend.tests.backend_test" name="test_update_subject_propagates" time="0.202" /><testcase classname="backend.tests.backend_test" name="test_session_crud_and_filter" time="0.147" /><testcase classname="backend.tests.backend_test" name="test_stats" time="0.271" /><testcase classname="backend.tests.backend_test" name="test_settings" time="0.149" /><testcase classname="backend.tests.backend_test" name="test_export_import" time="0.136" /></testsuite></testsuites>